CRITICAL - 2024-04-03 17:14:14 --> ParseError: syntax error, unexpected token "extends", expecting end of file
in APPPATH\Views\painel_estatistico.php on line 1.
 1 SYSTEMPATH\View\View.php(231): CodeIgniter\View\View->CodeIgniter\View\{closure}()
 2 SYSTEMPATH\Common.php(1178): CodeIgniter\View\View->render('painel_estatistico', [], true)
 3 APPPATH\Controllers\Home.php(9): view('painel_estatistico')
 4 SYSTEMPATH\CodeIgniter.php(943): App\Controllers\Home->index()
 5 SYSTEMPATH\CodeIgniter.php(503): CodeIgniter\CodeIgniter->runController(Object(App\Controllers\Home))
 6 SYSTEMPATH\CodeIgniter.php(361): CodeIgniter\CodeIgniter->handleRequest(null, Object(Config\Cache), false)
 7 FCPATH\index.php(79): CodeIgniter\CodeIgniter->run()
 8 SYSTEMPATH\Commands\Server\rewrite.php(47): require_once('C:\\Users\\jucle\\Documents\\[02] university\\[02] programacao_web_II\\[02] avaliações\\[03] projecto\\project-root\\public\\index.php')
CRITICAL - 2024-04-03 17:14:16 --> ParseError: syntax error, unexpected token "extends", expecting end of file
in APPPATH\Views\painel_estatistico.php on line 1.
 1 SYSTEMPATH\View\View.php(231): CodeIgniter\View\View->CodeIgniter\View\{closure}()
 2 SYSTEMPATH\Common.php(1178): CodeIgniter\View\View->render('painel_estatistico', [], true)
 3 APPPATH\Controllers\Home.php(9): view('painel_estatistico')
 4 SYSTEMPATH\CodeIgniter.php(943): App\Controllers\Home->index()
 5 SYSTEMPATH\CodeIgniter.php(503): CodeIgniter\CodeIgniter->runController(Object(App\Controllers\Home))
 6 SYSTEMPATH\CodeIgniter.php(361): CodeIgniter\CodeIgniter->handleRequest(null, Object(Config\Cache), false)
 7 FCPATH\index.php(79): CodeIgniter\CodeIgniter->run()
 8 SYSTEMPATH\Commands\Server\rewrite.php(47): require_once('C:\\Users\\jucle\\Documents\\[02] university\\[02] programacao_web_II\\[02] avaliações\\[03] projecto\\project-root\\public\\index.php')
CRITICAL - 2024-04-03 17:16:47 --> Error: Call to undefined function section()
in APPPATH\Views\painel_estatistico.php on line 3.
 1 SYSTEMPATH\View\View.php(228): include()
 2 SYSTEMPATH\View\View.php(231): CodeIgniter\View\View->CodeIgniter\View\{closure}()
 3 SYSTEMPATH\Common.php(1178): CodeIgniter\View\View->render('painel_estatistico', [], true)
 4 APPPATH\Controllers\Home.php(9): view('painel_estatistico')
 5 SYSTEMPATH\CodeIgniter.php(943): App\Controllers\Home->index()
 6 SYSTEMPATH\CodeIgniter.php(503): CodeIgniter\CodeIgniter->runController(Object(App\Controllers\Home))
 7 SYSTEMPATH\CodeIgniter.php(361): CodeIgniter\CodeIgniter->handleRequest(null, Object(Config\Cache), false)
 8 FCPATH\index.php(79): CodeIgniter\CodeIgniter->run()
 9 SYSTEMPATH\Commands\Server\rewrite.php(47): require_once('C:\\Users\\jucle\\Documents\\[02] university\\[02] programacao_web_II\\[02] avaliações\\[03] projecto\\project-root\\public\\index.php')
CRITICAL - 2024-04-03 17:17:03 --> Error: Call to undefined function section()
in APPPATH\Views\painel_estatistico.php on line 3.
 1 SYSTEMPATH\View\View.php(228): include()
 2 SYSTEMPATH\View\View.php(231): CodeIgniter\View\View->CodeIgniter\View\{closure}()
 3 SYSTEMPATH\Common.php(1178): CodeIgniter\View\View->render('painel_estatistico', [], true)
 4 APPPATH\Controllers\Home.php(9): view('painel_estatistico')
 5 SYSTEMPATH\CodeIgniter.php(943): App\Controllers\Home->index()
 6 SYSTEMPATH\CodeIgniter.php(503): CodeIgniter\CodeIgniter->runController(Object(App\Controllers\Home))
 7 SYSTEMPATH\CodeIgniter.php(361): CodeIgniter\CodeIgniter->handleRequest(null, Object(Config\Cache), false)
 8 FCPATH\index.php(79): CodeIgniter\CodeIgniter->run()
 9 SYSTEMPATH\Commands\Server\rewrite.php(47): require_once('C:\\Users\\jucle\\Documents\\[02] university\\[02] programacao_web_II\\[02] avaliações\\[03] projecto\\project-root\\public\\index.php')
CRITICAL - 2024-04-03 17:17:43 --> Error: Call to undefined function section()
in APPPATH\Views\painel_estatistico.php on line 3.
 1 SYSTEMPATH\View\View.php(228): include()
 2 SYSTEMPATH\View\View.php(231): CodeIgniter\View\View->CodeIgniter\View\{closure}()
 3 SYSTEMPATH\Common.php(1178): CodeIgniter\View\View->render('painel_estatistico', [], true)
 4 APPPATH\Controllers\Home.php(9): view('painel_estatistico')
 5 SYSTEMPATH\CodeIgniter.php(943): App\Controllers\Home->index()
 6 SYSTEMPATH\CodeIgniter.php(503): CodeIgniter\CodeIgniter->runController(Object(App\Controllers\Home))
 7 SYSTEMPATH\CodeIgniter.php(361): CodeIgniter\CodeIgniter->handleRequest(null, Object(Config\Cache), false)
 8 FCPATH\index.php(79): CodeIgniter\CodeIgniter->run()
 9 SYSTEMPATH\Commands\Server\rewrite.php(47): require_once('C:\\Users\\jucle\\Documents\\[02] university\\[02] programacao_web_II\\[02] avaliações\\[03] projecto\\project-root\\public\\index.php')
CRITICAL - 2024-04-03 17:17:44 --> Error: Call to undefined function section()
in APPPATH\Views\painel_estatistico.php on line 3.
 1 SYSTEMPATH\View\View.php(228): include()
 2 SYSTEMPATH\View\View.php(231): CodeIgniter\View\View->CodeIgniter\View\{closure}()
 3 SYSTEMPATH\Common.php(1178): CodeIgniter\View\View->render('painel_estatistico', [], true)
 4 APPPATH\Controllers\Home.php(9): view('painel_estatistico')
 5 SYSTEMPATH\CodeIgniter.php(943): App\Controllers\Home->index()
 6 SYSTEMPATH\CodeIgniter.php(503): CodeIgniter\CodeIgniter->runController(Object(App\Controllers\Home))
 7 SYSTEMPATH\CodeIgniter.php(361): CodeIgniter\CodeIgniter->handleRequest(null, Object(Config\Cache), false)
 8 FCPATH\index.php(79): CodeIgniter\CodeIgniter->run()
 9 SYSTEMPATH\Commands\Server\rewrite.php(47): require_once('C:\\Users\\jucle\\Documents\\[02] university\\[02] programacao_web_II\\[02] avaliações\\[03] projecto\\project-root\\public\\index.php')
CRITICAL - 2024-04-03 17:17:44 --> Error: Call to undefined function section()
in APPPATH\Views\painel_estatistico.php on line 3.
 1 SYSTEMPATH\View\View.php(228): include()
 2 SYSTEMPATH\View\View.php(231): CodeIgniter\View\View->CodeIgniter\View\{closure}()
 3 SYSTEMPATH\Common.php(1178): CodeIgniter\View\View->render('painel_estatistico', [], true)
 4 APPPATH\Controllers\Home.php(9): view('painel_estatistico')
 5 SYSTEMPATH\CodeIgniter.php(943): App\Controllers\Home->index()
 6 SYSTEMPATH\CodeIgniter.php(503): CodeIgniter\CodeIgniter->runController(Object(App\Controllers\Home))
 7 SYSTEMPATH\CodeIgniter.php(361): CodeIgniter\CodeIgniter->handleRequest(null, Object(Config\Cache), false)
 8 FCPATH\index.php(79): CodeIgniter\CodeIgniter->run()
 9 SYSTEMPATH\Commands\Server\rewrite.php(47): require_once('C:\\Users\\jucle\\Documents\\[02] university\\[02] programacao_web_II\\[02] avaliações\\[03] projecto\\project-root\\public\\index.php')
CRITICAL - 2024-04-03 17:17:44 --> Error: Call to undefined function section()
in APPPATH\Views\painel_estatistico.php on line 3.
 1 SYSTEMPATH\View\View.php(228): include()
 2 SYSTEMPATH\View\View.php(231): CodeIgniter\View\View->CodeIgniter\View\{closure}()
 3 SYSTEMPATH\Common.php(1178): CodeIgniter\View\View->render('painel_estatistico', [], true)
 4 APPPATH\Controllers\Home.php(9): view('painel_estatistico')
 5 SYSTEMPATH\CodeIgniter.php(943): App\Controllers\Home->index()
 6 SYSTEMPATH\CodeIgniter.php(503): CodeIgniter\CodeIgniter->runController(Object(App\Controllers\Home))
 7 SYSTEMPATH\CodeIgniter.php(361): CodeIgniter\CodeIgniter->handleRequest(null, Object(Config\Cache), false)
 8 FCPATH\index.php(79): CodeIgniter\CodeIgniter->run()
 9 SYSTEMPATH\Commands\Server\rewrite.php(47): require_once('C:\\Users\\jucle\\Documents\\[02] university\\[02] programacao_web_II\\[02] avaliações\\[03] projecto\\project-root\\public\\index.php')
CRITICAL - 2024-04-03 17:17:45 --> Error: Call to undefined function section()
in APPPATH\Views\painel_estatistico.php on line 3.
 1 SYSTEMPATH\View\View.php(228): include()
 2 SYSTEMPATH\View\View.php(231): CodeIgniter\View\View->CodeIgniter\View\{closure}()
 3 SYSTEMPATH\Common.php(1178): CodeIgniter\View\View->render('painel_estatistico', [], true)
 4 APPPATH\Controllers\Home.php(9): view('painel_estatistico')
 5 SYSTEMPATH\CodeIgniter.php(943): App\Controllers\Home->index()
 6 SYSTEMPATH\CodeIgniter.php(503): CodeIgniter\CodeIgniter->runController(Object(App\Controllers\Home))
 7 SYSTEMPATH\CodeIgniter.php(361): CodeIgniter\CodeIgniter->handleRequest(null, Object(Config\Cache), false)
 8 FCPATH\index.php(79): CodeIgniter\CodeIgniter->run()
 9 SYSTEMPATH\Commands\Server\rewrite.php(47): require_once('C:\\Users\\jucle\\Documents\\[02] university\\[02] programacao_web_II\\[02] avaliações\\[03] projecto\\project-root\\public\\index.php')
