CRITICAL - 2024-04-04 07:23:17 --> ErrorException: Undefined variable $ativo
in APPPATH\Views\layouts\master.php on line 101.
 1 APPPATH\Views\layouts\master.php(101): CodeIgniter\Debug\Exceptions->errorHandler(2, 'Undefined variable $ativo', 'C:\\Users\\jucle\\Documents\\[02] university\\[02] programacao_web_II\\[02] avaliações\\[03] projecto\\project-root\\app\\Views\\layouts\\master.php', 101)
 2 SYSTEMPATH\View\View.php(228): include('C:\\Users\\jucle\\Documents\\[02] university\\[02] programacao_web_II\\[02] avaliações\\[03] projecto\\project-root\\app\\Views\\layouts\\master.php')
 3 SYSTEMPATH\View\View.php(231): CodeIgniter\View\View->CodeIgniter\View\{closure}()
 4 SYSTEMPATH\View\View.php(244): CodeIgniter\View\View->render('layouts/master', [], true)
 5 SYSTEMPATH\Common.php(1178): CodeIgniter\View\View->render('painel_estatistico', [], true)
 6 APPPATH\Controllers\Home.php(9): view('painel_estatistico')
 7 SYSTEMPATH\CodeIgniter.php(943): App\Controllers\Home->index()
 8 SYSTEMPATH\CodeIgniter.php(503): CodeIgniter\CodeIgniter->runController(Object(App\Controllers\Home))
 9 SYSTEMPATH\CodeIgniter.php(361): CodeIgniter\CodeIgniter->handleRequest(null, Object(Config\Cache), false)
10 FCPATH\index.php(79): CodeIgniter\CodeIgniter->run()
11 SYSTEMPATH\Commands\Server\rewrite.php(47): require_once('C:\\Users\\jucle\\Documents\\[02] university\\[02] programacao_web_II\\[02] avaliações\\[03] projecto\\project-root\\public\\index.php')
CRITICAL - 2024-04-04 09:11:06 --> TypeError: view(): Argument #2 ($data) must be of type array, string given, called in C:\Users\jucle\Documents\[02] university\[02] programacao_web_II\[02] avaliações\[03] projecto\project-root\app\Controllers\Ativo.php on line 13
in SYSTEMPATH\Common.php on line 1166.
 1 APPPATH\Controllers\Ativo.php(13): view('ativos/ativos_index', 'active')
 2 SYSTEMPATH\CodeIgniter.php(943): App\Controllers\Ativo->index()
 3 SYSTEMPATH\CodeIgniter.php(503): CodeIgniter\CodeIgniter->runController(Object(App\Controllers\Ativo))
 4 SYSTEMPATH\CodeIgniter.php(361): CodeIgniter\CodeIgniter->handleRequest(null, Object(Config\Cache), false)
 5 FCPATH\index.php(79): CodeIgniter\CodeIgniter->run()
 6 SYSTEMPATH\Commands\Server\rewrite.php(47): require_once('C:\\Users\\jucle\\Documents\\[02] university\\[02] programacao_web_II\\[02] avaliações\\[03] projecto\\project-root\\public\\index.php')
