WARNING - 2024-04-24 09:39:30 --> [DEPRECATED] Function strftime() is deprecated in APPPATH\Controllers\Home.php on line 36.
 1 SYSTEMPATH\CodeIgniter.php(943): App\Controllers\Home->index()
 2 SYSTEMPATH\CodeIgniter.php(503): CodeIgniter\CodeIgniter->runController(Object(App\Controllers\Home))
 3 SYSTEMPATH\CodeIgniter.php(361): CodeIgniter\CodeIgniter->handleRequest(null, Object(Config\Cache), false)
 4 FCPATH\index.php(79): CodeIgniter\CodeIgniter->run()
 5 SYSTEMPATH\Commands\Server\rewrite.php(47): require_once('C:\\Users\\jucle\\Documents\\[02] university\\[02] programacao_web_II\\[02] avaliações\\[03] projecto\\project-root\\public\\index.php')
WARNING - 2024-04-24 09:39:30 --> [DEPRECATED] Function strftime() is deprecated in APPPATH\Controllers\Home.php on line 36.
 1 SYSTEMPATH\CodeIgniter.php(943): App\Controllers\Home->index()
 2 SYSTEMPATH\CodeIgniter.php(503): CodeIgniter\CodeIgniter->runController(Object(App\Controllers\Home))
 3 SYSTEMPATH\CodeIgniter.php(361): CodeIgniter\CodeIgniter->handleRequest(null, Object(Config\Cache), false)
 4 FCPATH\index.php(79): CodeIgniter\CodeIgniter->run()
 5 SYSTEMPATH\Commands\Server\rewrite.php(47): require_once('C:\\Users\\jucle\\Documents\\[02] university\\[02] programacao_web_II\\[02] avaliações\\[03] projecto\\project-root\\public\\index.php')
WARNING - 2024-04-24 09:39:30 --> [DEPRECATED] Function strftime() is deprecated in APPPATH\Controllers\Home.php on line 36.
 1 SYSTEMPATH\CodeIgniter.php(943): App\Controllers\Home->index()
 2 SYSTEMPATH\CodeIgniter.php(503): CodeIgniter\CodeIgniter->runController(Object(App\Controllers\Home))
 3 SYSTEMPATH\CodeIgniter.php(361): CodeIgniter\CodeIgniter->handleRequest(null, Object(Config\Cache), false)
 4 FCPATH\index.php(79): CodeIgniter\CodeIgniter->run()
 5 SYSTEMPATH\Commands\Server\rewrite.php(47): require_once('C:\\Users\\jucle\\Documents\\[02] university\\[02] programacao_web_II\\[02] avaliações\\[03] projecto\\project-root\\public\\index.php')
WARNING - 2024-04-24 09:39:30 --> [DEPRECATED] Function strftime() is deprecated in APPPATH\Controllers\Home.php on line 36.
 1 SYSTEMPATH\CodeIgniter.php(943): App\Controllers\Home->index()
 2 SYSTEMPATH\CodeIgniter.php(503): CodeIgniter\CodeIgniter->runController(Object(App\Controllers\Home))
 3 SYSTEMPATH\CodeIgniter.php(361): CodeIgniter\CodeIgniter->handleRequest(null, Object(Config\Cache), false)
 4 FCPATH\index.php(79): CodeIgniter\CodeIgniter->run()
 5 SYSTEMPATH\Commands\Server\rewrite.php(47): require_once('C:\\Users\\jucle\\Documents\\[02] university\\[02] programacao_web_II\\[02] avaliações\\[03] projecto\\project-root\\public\\index.php')
WARNING - 2024-04-24 09:39:30 --> [DEPRECATED] Function strftime() is deprecated in APPPATH\Controllers\Home.php on line 36.
 1 SYSTEMPATH\CodeIgniter.php(943): App\Controllers\Home->index()
 2 SYSTEMPATH\CodeIgniter.php(503): CodeIgniter\CodeIgniter->runController(Object(App\Controllers\Home))
 3 SYSTEMPATH\CodeIgniter.php(361): CodeIgniter\CodeIgniter->handleRequest(null, Object(Config\Cache), false)
 4 FCPATH\index.php(79): CodeIgniter\CodeIgniter->run()
 5 SYSTEMPATH\Commands\Server\rewrite.php(47): require_once('C:\\Users\\jucle\\Documents\\[02] university\\[02] programacao_web_II\\[02] avaliações\\[03] projecto\\project-root\\public\\index.php')
WARNING - 2024-04-24 09:39:30 --> [DEPRECATED] Function strftime() is deprecated in APPPATH\Controllers\Home.php on line 36.
 1 SYSTEMPATH\CodeIgniter.php(943): App\Controllers\Home->index()
 2 SYSTEMPATH\CodeIgniter.php(503): CodeIgniter\CodeIgniter->runController(Object(App\Controllers\Home))
 3 SYSTEMPATH\CodeIgniter.php(361): CodeIgniter\CodeIgniter->handleRequest(null, Object(Config\Cache), false)
 4 FCPATH\index.php(79): CodeIgniter\CodeIgniter->run()
 5 SYSTEMPATH\Commands\Server\rewrite.php(47): require_once('C:\\Users\\jucle\\Documents\\[02] university\\[02] programacao_web_II\\[02] avaliações\\[03] projecto\\project-root\\public\\index.php')
WARNING - 2024-04-24 09:39:30 --> [DEPRECATED] Function strftime() is deprecated in APPPATH\Controllers\Home.php on line 36.
 1 SYSTEMPATH\CodeIgniter.php(943): App\Controllers\Home->index()
 2 SYSTEMPATH\CodeIgniter.php(503): CodeIgniter\CodeIgniter->runController(Object(App\Controllers\Home))
 3 SYSTEMPATH\CodeIgniter.php(361): CodeIgniter\CodeIgniter->handleRequest(null, Object(Config\Cache), false)
 4 FCPATH\index.php(79): CodeIgniter\CodeIgniter->run()
 5 SYSTEMPATH\Commands\Server\rewrite.php(47): require_once('C:\\Users\\jucle\\Documents\\[02] university\\[02] programacao_web_II\\[02] avaliações\\[03] projecto\\project-root\\public\\index.php')
WARNING - 2024-04-24 09:39:30 --> [DEPRECATED] Function strftime() is deprecated in APPPATH\Controllers\Home.php on line 36.
 1 SYSTEMPATH\CodeIgniter.php(943): App\Controllers\Home->index()
 2 SYSTEMPATH\CodeIgniter.php(503): CodeIgniter\CodeIgniter->runController(Object(App\Controllers\Home))
 3 SYSTEMPATH\CodeIgniter.php(361): CodeIgniter\CodeIgniter->handleRequest(null, Object(Config\Cache), false)
 4 FCPATH\index.php(79): CodeIgniter\CodeIgniter->run()
 5 SYSTEMPATH\Commands\Server\rewrite.php(47): require_once('C:\\Users\\jucle\\Documents\\[02] university\\[02] programacao_web_II\\[02] avaliações\\[03] projecto\\project-root\\public\\index.php')
WARNING - 2024-04-24 09:39:30 --> [DEPRECATED] Function strftime() is deprecated in APPPATH\Controllers\Home.php on line 36.
 1 SYSTEMPATH\CodeIgniter.php(943): App\Controllers\Home->index()
 2 SYSTEMPATH\CodeIgniter.php(503): CodeIgniter\CodeIgniter->runController(Object(App\Controllers\Home))
 3 SYSTEMPATH\CodeIgniter.php(361): CodeIgniter\CodeIgniter->handleRequest(null, Object(Config\Cache), false)
 4 FCPATH\index.php(79): CodeIgniter\CodeIgniter->run()
 5 SYSTEMPATH\Commands\Server\rewrite.php(47): require_once('C:\\Users\\jucle\\Documents\\[02] university\\[02] programacao_web_II\\[02] avaliações\\[03] projecto\\project-root\\public\\index.php')
WARNING - 2024-04-24 09:39:30 --> [DEPRECATED] Function strftime() is deprecated in APPPATH\Controllers\Home.php on line 36.
 1 SYSTEMPATH\CodeIgniter.php(943): App\Controllers\Home->index()
 2 SYSTEMPATH\CodeIgniter.php(503): CodeIgniter\CodeIgniter->runController(Object(App\Controllers\Home))
 3 SYSTEMPATH\CodeIgniter.php(361): CodeIgniter\CodeIgniter->handleRequest(null, Object(Config\Cache), false)
 4 FCPATH\index.php(79): CodeIgniter\CodeIgniter->run()
 5 SYSTEMPATH\Commands\Server\rewrite.php(47): require_once('C:\\Users\\jucle\\Documents\\[02] university\\[02] programacao_web_II\\[02] avaliações\\[03] projecto\\project-root\\public\\index.php')
WARNING - 2024-04-24 09:39:30 --> [DEPRECATED] Function strftime() is deprecated in APPPATH\Controllers\Home.php on line 36.
 1 SYSTEMPATH\CodeIgniter.php(943): App\Controllers\Home->index()
 2 SYSTEMPATH\CodeIgniter.php(503): CodeIgniter\CodeIgniter->runController(Object(App\Controllers\Home))
 3 SYSTEMPATH\CodeIgniter.php(361): CodeIgniter\CodeIgniter->handleRequest(null, Object(Config\Cache), false)
 4 FCPATH\index.php(79): CodeIgniter\CodeIgniter->run()
 5 SYSTEMPATH\Commands\Server\rewrite.php(47): require_once('C:\\Users\\jucle\\Documents\\[02] university\\[02] programacao_web_II\\[02] avaliações\\[03] projecto\\project-root\\public\\index.php')
WARNING - 2024-04-24 09:39:30 --> [DEPRECATED] Function strftime() is deprecated in APPPATH\Controllers\Home.php on line 36.
 1 SYSTEMPATH\CodeIgniter.php(943): App\Controllers\Home->index()
 2 SYSTEMPATH\CodeIgniter.php(503): CodeIgniter\CodeIgniter->runController(Object(App\Controllers\Home))
 3 SYSTEMPATH\CodeIgniter.php(361): CodeIgniter\CodeIgniter->handleRequest(null, Object(Config\Cache), false)
 4 FCPATH\index.php(79): CodeIgniter\CodeIgniter->run()
 5 SYSTEMPATH\Commands\Server\rewrite.php(47): require_once('C:\\Users\\jucle\\Documents\\[02] university\\[02] programacao_web_II\\[02] avaliações\\[03] projecto\\project-root\\public\\index.php')
